<testsuites id="" name="" tests="220" failures="107" skipped="0" errors="0" time="282.66606199999995">
<testsuite name="auth.spec.ts" timestamp="2025-08-16T04:21:59.247Z" hostname="chromium" tests="10" failures="2" skipped="0" time="33.793" errors="0">
<testcase name="Authentication Flow › should display sign-in page for unauthenticated users" classname="auth.spec.ts" time="1.661">
</testcase>
<testcase name="Authentication Flow › should have proper page title and meta tags" classname="auth.spec.ts" time="1.792">
</testcase>
<testcase name="Authentication Flow › should display Google sign-in button with proper styling" classname="auth.spec.ts" time="1.826">
</testcase>
<testcase name="Authentication Flow › should be responsive on mobile devices" classname="auth.spec.ts" time="1.959">
</testcase>
<testcase name="Authentication Flow › should handle sign-in button click" classname="auth.spec.ts" time="1.887">
</testcase>
<testcase name="Authentication Flow › should display error handling gracefully" classname="auth.spec.ts" time="7.139">
<failure message="auth.spec.ts:66:7 should display error handling gracefully" type="FAILURE">
<![CDATA[  [chromium] › auth.spec.ts:66:7 › Authentication Flow › should display error handling gracefully ──

    Error: Timed out 5000ms waiting for expect(locator).toBeEnabled()

    Locator: getByRole('button', { name: /sign in with google/i })
    Expected: enabled
    Received: <element(s) not found>
    Call log:
      - Expect "toBeEnabled" with timeout 5000ms
      - waiting for getByRole('button', { name: /sign in with google/i })


      74 |     
      75 |     // Button should still be clickable after error
    > 76 |     await expect(signInButton).toBeEnabled()
         |                                ^
      77 |   })
      78 |
      79 |   test('should have accessible form elements', async ({ page }) => {
        at D:\Sample Repos\online-banking\__tests__\e2e\auth.spec.ts:76:32

    attachment #1: screenshot (image/png) ──────────────────────────────────────────────────────────
    ..\..\test-results\auth-Authentication-Flow-s-65739-y-error-handling-gracefully-chromium\test-failed-1.png
    ────────────────────────────────────────────────────────────────────────────────────────────────

    attachment #2: video (video/webm) ──────────────────────────────────────────────────────────────
    ..\..\test-results\auth-Authentication-Flow-s-65739-y-error-handling-gracefully-chromium\video.webm
    ────────────────────────────────────────────────────────────────────────────────────────────────
]]>
</failure>
<system-out>
<![CDATA[
[[ATTACHMENT|auth-Authentication-Flow-s-65739-y-error-handling-gracefully-chromium\test-failed-1.png]]

[[ATTACHMENT|auth-Authentication-Flow-s-65739-y-error-handling-gracefully-chromium\video.webm]]
]]>
</system-out>
</testcase>
<testcase name="Authentication Flow › should have accessible form elements" classname="auth.spec.ts" time="7.108">
<failure message="auth.spec.ts:79:7 should have accessible form elements" type="FAILURE">
<![CDATA[  [chromium] › auth.spec.ts:79:7 › Authentication Flow › should have accessible form elements ──────

    Error: Timed out 5000ms waiting for expect(locator).toBeVisible()

    Locator: getByRole('heading', { level: 1 }).or(getByRole('heading', { level: 2 }))
    Expected: visible
    Received: <element(s) not found>
    Call log:
      - Expect "toBeVisible" with timeout 5000ms
      - waiting for getByRole('heading', { level: 1 }).or(getByRole('heading', { level: 2 }))


      84 |     // Check heading hierarchy
      85 |     const mainHeading = page.getByRole('heading', { level: 1 }).or(page.getByRole('heading', { level: 2 }))
    > 86 |     await expect(mainHeading).toBeVisible()
         |                               ^
      87 |   })
      88 |
      89 |   test('should load without JavaScript errors', async ({ page }) => {
        at D:\Sample Repos\online-banking\__tests__\e2e\auth.spec.ts:86:31

    attachment #1: screenshot (image/png) ──────────────────────────────────────────────────────────
    ..\..\test-results\auth-Authentication-Flow-s-1e55a-ve-accessible-form-elements-chromium\test-failed-1.png
    ────────────────────────────────────────────────────────────────────────────────────────────────

    attachment #2: video (video/webm) ──────────────────────────────────────────────────────────────
    ..\..\test-results\auth-Authentication-Flow-s-1e55a-ve-accessible-form-elements-chromium\video.webm
    ────────────────────────────────────────────────────────────────────────────────────────────────

    Error Context: ..\..\test-results\auth-Authentication-Flow-s-1e55a-ve-accessible-form-elements-chromium\error-context.md
]]>
</failure>
<system-out>
<![CDATA[
[[ATTACHMENT|auth-Authentication-Flow-s-1e55a-ve-accessible-form-elements-chromium\test-failed-1.png]]

[[ATTACHMENT|auth-Authentication-Flow-s-1e55a-ve-accessible-form-elements-chromium\video.webm]]

[[ATTACHMENT|auth-Authentication-Flow-s-1e55a-ve-accessible-form-elements-chromium\error-context.md]]
]]>
</system-out>
</testcase>
<testcase name="Authentication Flow › should load without JavaScript errors" classname="auth.spec.ts" time="4.733">
</testcase>
<testcase name="Authentication Flow › should work with keyboard navigation" classname="auth.spec.ts" time="1.658">
</testcase>
<testcase name="Authentication Flow › should have proper security headers" classname="auth.spec.ts" time="4.03">
</testcase>
</testsuite>
<testsuite name="dashboard.spec.ts" timestamp="2025-08-16T04:21:59.247Z" hostname="chromium" tests="14" failures="13" skipped="0" time="143.444" errors="0">
<testcase name="Dashboard Functionality › should display dashboard with user welcome message" classname="dashboard.spec.ts" time="9.575">
<failure message="dashboard.spec.ts:63:7 should display dashboard with user welcome message" type="FAILURE">
<![CDATA[  [chromium] › dashboard.spec.ts:63:7 › Dashboard Functionality › should display dashboard with user welcome message 

    Error: Timed out 5000ms waiting for expect(locator).toBeVisible()

    Locator: getByText('Welcome back, Test!')
    Expected: visible
    Received: <element(s) not found>
    Call log:
      - Expect "toBeVisible" with timeout 5000ms
      - waiting for getByText('Welcome back, Test!')


      64 |     await page.goto('/dashboard')
      65 |     
    > 66 |     await expect(page.getByText('Welcome back, Test!')).toBeVisible()
         |                                                         ^
      67 |     await expect(page.getByText('Here\'s an overview of your accounts and recent activity.')).toBeVisible()
      68 |   })
      69 |
        at D:\Sample Repos\online-banking\__tests__\e2e\dashboard.spec.ts:66:57

    attachment #1: screenshot (image/png) ──────────────────────────────────────────────────────────
    ..\..\test-results\dashboard-Dashboard-Functi-89a84-d-with-user-welcome-message-chromium\test-failed-1.png
    ────────────────────────────────────────────────────────────────────────────────────────────────

    attachment #2: video (video/webm) ──────────────────────────────────────────────────────────────
    ..\..\test-results\dashboard-Dashboard-Functi-89a84-d-with-user-welcome-message-chromium\video.webm
    ────────────────────────────────────────────────────────────────────────────────────────────────

    Error Context: ..\..\test-results\dashboard-Dashboard-Functi-89a84-d-with-user-welcome-message-chromium\error-context.md
]]>
</failure>
<system-out>
<![CDATA[
[[ATTACHMENT|dashboard-Dashboard-Functi-89a84-d-with-user-welcome-message-chromium\test-failed-1.png]]

[[ATTACHMENT|dashboard-Dashboard-Functi-89a84-d-with-user-welcome-message-chromium\video.webm]]

[[ATTACHMENT|dashboard-Dashboard-Functi-89a84-d-with-user-welcome-message-chromium\error-context.md]]
]]>
</system-out>
</testcase>
<testcase name="Dashboard Functionality › should display account overview cards" classname="dashboard.spec.ts" time="8.001">
<failure message="dashboard.spec.ts:70:7 should display account overview cards" type="FAILURE">
<![CDATA[  [chromium] › dashboard.spec.ts:70:7 › Dashboard Functionality › should display account overview cards 

    Error: Timed out 5000ms waiting for expect(locator).toBeVisible()

    Locator: getByText('Total Balance')
    Expected: visible
    Received: <element(s) not found>
    Call log:
      - Expect "toBeVisible" with timeout 5000ms
      - waiting for getByText('Total Balance')


      72 |     
      73 |     // Check for account overview cards
    > 74 |     await expect(page.getByText('Total Balance')).toBeVisible()
         |                                                   ^
      75 |     await expect(page.getByText('$1,000.00')).toBeVisible()
      76 |     await expect(page.getByText('Across 1 account')).toBeVisible()
      77 |     
        at D:\Sample Repos\online-banking\__tests__\e2e\dashboard.spec.ts:74:51

    attachment #1: screenshot (image/png) ──────────────────────────────────────────────────────────
    ..\..\test-results\dashboard-Dashboard-Functi-70da6-play-account-overview-cards-chromium\test-failed-1.png
    ────────────────────────────────────────────────────────────────────────────────────────────────

    attachment #2: video (video/webm) ──────────────────────────────────────────────────────────────
    ..\..\test-results\dashboard-Dashboard-Functi-70da6-play-account-overview-cards-chromium\video.webm
    ────────────────────────────────────────────────────────────────────────────────────────────────

    Error Context: ..\..\test-results\dashboard-Dashboard-Functi-70da6-play-account-overview-cards-chromium\error-context.md
]]>
</failure>
<system-out>
<![CDATA[
[[ATTACHMENT|dashboard-Dashboard-Functi-70da6-play-account-overview-cards-chromium\test-failed-1.png]]

[[ATTACHMENT|dashboard-Dashboard-Functi-70da6-play-account-overview-cards-chromium\video.webm]]

[[ATTACHMENT|dashboard-Dashboard-Functi-70da6-play-account-overview-cards-chromium\error-context.md]]
]]>
</system-out>
</testcase>
<testcase name="Dashboard Functionality › should display masked account numbers" classname="dashboard.spec.ts" time="6.282">
<failure message="dashboard.spec.ts:85:7 should display masked account numbers" type="FAILURE">
<![CDATA[  [chromium] › dashboard.spec.ts:85:7 › Dashboard Functionality › should display masked account numbers 

    Error: Timed out 5000ms waiting for expect(locator).toBeVisible()

    Locator: getByText('••••7890')
    Expected: visible
    Received: <element(s) not found>
    Call log:
      - Expect "toBeVisible" with timeout 5000ms
      - waiting for getByText('••••7890')


      87 |     
      88 |     // Check for masked account number
    > 89 |     await expect(page.getByText('••••7890')).toBeVisible()
         |                                              ^
      90 |     await expect(page.getByText('Account Number: ••••••7890')).toBeVisible()
      91 |   })
      92 |
        at D:\Sample Repos\online-banking\__tests__\e2e\dashboard.spec.ts:89:46

    attachment #1: screenshot (image/png) ──────────────────────────────────────────────────────────
    ..\..\test-results\dashboard-Dashboard-Functi-6f080-play-masked-account-numbers-chromium\test-failed-1.png
    ────────────────────────────────────────────────────────────────────────────────────────────────

    attachment #2: video (video/webm) ──────────────────────────────────────────────────────────────
    ..\..\test-results\dashboard-Dashboard-Functi-6f080-play-masked-account-numbers-chromium\video.webm
    ────────────────────────────────────────────────────────────────────────────────────────────────

    Error Context: ..\..\test-results\dashboard-Dashboard-Functi-6f080-play-masked-account-numbers-chromium\error-context.md
]]>
</failure>
<system-out>
<![CDATA[
[[ATTACHMENT|dashboard-Dashboard-Functi-6f080-play-masked-account-numbers-chromium\test-failed-1.png]]

[[ATTACHMENT|dashboard-Dashboard-Functi-6f080-play-masked-account-numbers-chromium\video.webm]]

[[ATTACHMENT|dashboard-Dashboard-Functi-6f080-play-masked-account-numbers-chromium\error-context.md]]
]]>
</system-out>
</testcase>
<testcase name="Dashboard Functionality › should display quick actions section" classname="dashboard.spec.ts" time="6.26">
<failure message="dashboard.spec.ts:93:7 should display quick actions section" type="FAILURE">
<![CDATA[  [chromium] › dashboard.spec.ts:93:7 › Dashboard Functionality › should display quick actions section 

    Error: Timed out 5000ms waiting for expect(locator).toBeVisible()

    Locator: getByText('Quick Actions')
    Expected: visible
    Received: <element(s) not found>
    Call log:
      - Expect "toBeVisible" with timeout 5000ms
      - waiting for getByText('Quick Actions')


      94 |     await page.goto('/dashboard')
      95 |     
    > 96 |     await expect(page.getByText('Quick Actions')).toBeVisible()
         |                                                   ^
      97 |     await expect(page.getByText('Transfer Money')).toBeVisible()
      98 |     await expect(page.getByText('Deposit Check')).toBeVisible()
      99 |     await expect(page.getByText('Pay Bills')).toBeVisible()
        at D:\Sample Repos\online-banking\__tests__\e2e\dashboard.spec.ts:96:51

    attachment #1: screenshot (image/png) ──────────────────────────────────────────────────────────
    ..\..\test-results\dashboard-Dashboard-Functi-3162c-splay-quick-actions-section-chromium\test-failed-1.png
    ────────────────────────────────────────────────────────────────────────────────────────────────

    attachment #2: video (video/webm) ──────────────────────────────────────────────────────────────
    ..\..\test-results\dashboard-Dashboard-Functi-3162c-splay-quick-actions-section-chromium\video.webm
    ────────────────────────────────────────────────────────────────────────────────────────────────

    Error Context: ..\..\test-results\dashboard-Dashboard-Functi-3162c-splay-quick-actions-section-chromium\error-context.md
]]>
</failure>
<system-out>
<![CDATA[
[[ATTACHMENT|dashboard-Dashboard-Functi-3162c-splay-quick-actions-section-chromium\test-failed-1.png]]

[[ATTACHMENT|dashboard-Dashboard-Functi-3162c-splay-quick-actions-section-chromium\video.webm]]

[[ATTACHMENT|dashboard-Dashboard-Functi-3162c-splay-quick-actions-section-chromium\error-context.md]]
]]>
</system-out>
</testcase>
<testcase name="Dashboard Functionality › should display recent activity section" classname="dashboard.spec.ts" time="6.325">
<failure message="dashboard.spec.ts:103:7 should display recent activity section" type="FAILURE">
<![CDATA[  [chromium] › dashboard.spec.ts:103:7 › Dashboard Functionality › should display recent activity section 

    Error: Timed out 5000ms waiting for expect(locator).toBeVisible()

    Locator: getByText('Recent Activity')
    Expected: visible
    Received: <element(s) not found>
    Call log:
      - Expect "toBeVisible" with timeout 5000ms
      - waiting for getByText('Recent Activity')


      104 |     await page.goto('/dashboard')
      105 |     
    > 106 |     await expect(page.getByText('Recent Activity')).toBeVisible()
          |                                                     ^
      107 |     
      108 |     // Check for mock transactions
      109 |     await expect(page.getByText('Initial Deposit')).toBeVisible()
        at D:\Sample Repos\online-banking\__tests__\e2e\dashboard.spec.ts:106:53

    attachment #1: screenshot (image/png) ──────────────────────────────────────────────────────────
    ..\..\test-results\dashboard-Dashboard-Functi-c1602-lay-recent-activity-section-chromium\test-failed-1.png
    ────────────────────────────────────────────────────────────────────────────────────────────────

    attachment #2: video (video/webm) ──────────────────────────────────────────────────────────────
    ..\..\test-results\dashboard-Dashboard-Functi-c1602-lay-recent-activity-section-chromium\video.webm
    ────────────────────────────────────────────────────────────────────────────────────────────────

    Error Context: ..\..\test-results\dashboard-Dashboard-Functi-c1602-lay-recent-activity-section-chromium\error-context.md
]]>
</failure>
<system-out>
<![CDATA[
[[ATTACHMENT|dashboard-Dashboard-Functi-c1602-lay-recent-activity-section-chromium\test-failed-1.png]]

[[ATTACHMENT|dashboard-Dashboard-Functi-c1602-lay-recent-activity-section-chromium\video.webm]]

[[ATTACHMENT|dashboard-Dashboard-Functi-c1602-lay-recent-activity-section-chromium\error-context.md]]
]]>
</system-out>
</testcase>
<testcase name="Dashboard Functionality › should have functional header with user dropdown" classname="dashboard.spec.ts" time="33.234">
<failure message="dashboard.spec.ts:114:7 should have functional header with user dropdown" type="FAILURE">
<![CDATA[  [chromium] › dashboard.spec.ts:114:7 › Dashboard Functionality › should have functional header with user dropdown 

    Test timeout of 30000ms exceeded.

    Error: locator.click: Test timeout of 30000ms exceeded.
    Call log:
      - waiting for locator('button').filter({ has: locator('[class*="avatar"]') }).first()


      120 |     // Click user avatar to open dropdown
      121 |     const avatarButton = page.locator('button').filter({ has: page.locator('[class*="avatar"]') }).first()
    > 122 |     await avatarButton.click()
          |                        ^
      123 |     
      124 |     // Check dropdown items
      125 |     await expect(page.getByText('Test User')).toBeVisible()
        at D:\Sample Repos\online-banking\__tests__\e2e\dashboard.spec.ts:122:24

    attachment #1: screenshot (image/png) ──────────────────────────────────────────────────────────
    ..\..\test-results\dashboard-Dashboard-Functi-86768-l-header-with-user-dropdown-chromium\test-failed-1.png
    ────────────────────────────────────────────────────────────────────────────────────────────────

    attachment #2: video (video/webm) ──────────────────────────────────────────────────────────────
    ..\..\test-results\dashboard-Dashboard-Functi-86768-l-header-with-user-dropdown-chromium\video.webm
    ────────────────────────────────────────────────────────────────────────────────────────────────

    Error Context: ..\..\test-results\dashboard-Dashboard-Functi-86768-l-header-with-user-dropdown-chromium\error-context.md
]]>
</failure>
<system-out>
<![CDATA[
[[ATTACHMENT|dashboard-Dashboard-Functi-86768-l-header-with-user-dropdown-chromium\test-failed-1.png]]

[[ATTACHMENT|dashboard-Dashboard-Functi-86768-l-header-with-user-dropdown-chromium\video.webm]]

[[ATTACHMENT|dashboard-Dashboard-Functi-86768-l-header-with-user-dropdown-chromium\error-context.md]]
]]>
</system-out>
</testcase>
<testcase name="Dashboard Functionality › should have working theme toggle" classname="dashboard.spec.ts" time="6.368">
<failure message="dashboard.spec.ts:131:7 should have working theme toggle" type="FAILURE">
<![CDATA[  [chromium] › dashboard.spec.ts:131:7 › Dashboard Functionality › should have working theme toggle 

    Error: Timed out 5000ms waiting for expect(locator).toBeVisible()

    Locator: getByRole('button', { name: /toggle theme/i })
    Expected: visible
    Received: <element(s) not found>
    Call log:
      - Expect "toBeVisible" with timeout 5000ms
      - waiting for getByRole('button', { name: /toggle theme/i })


      134 |     // Find theme toggle button
      135 |     const themeToggle = page.getByRole('button', { name: /toggle theme/i })
    > 136 |     await expect(themeToggle).toBeVisible()
          |                               ^
      137 |     
      138 |     // Click to open theme menu
      139 |     await themeToggle.click()
        at D:\Sample Repos\online-banking\__tests__\e2e\dashboard.spec.ts:136:31

    attachment #1: screenshot (image/png) ──────────────────────────────────────────────────────────
    ..\..\test-results\dashboard-Dashboard-Functi-e231b-d-have-working-theme-toggle-chromium\test-failed-1.png
    ────────────────────────────────────────────────────────────────────────────────────────────────

    attachment #2: video (video/webm) ──────────────────────────────────────────────────────────────
    ..\..\test-results\dashboard-Dashboard-Functi-e231b-d-have-working-theme-toggle-chromium\video.webm
    ────────────────────────────────────────────────────────────────────────────────────────────────

    Error Context: ..\..\test-results\dashboard-Dashboard-Functi-e231b-d-have-working-theme-toggle-chromium\error-context.md
]]>
</failure>
<system-out>
<![CDATA[
[[ATTACHMENT|dashboard-Dashboard-Functi-e231b-d-have-working-theme-toggle-chromium\test-failed-1.png]]

[[ATTACHMENT|dashboard-Dashboard-Functi-e231b-d-have-working-theme-toggle-chromium\video.webm]]

[[ATTACHMENT|dashboard-Dashboard-Functi-e231b-d-have-working-theme-toggle-chromium\error-context.md]]
]]>
</system-out>
</testcase>
<testcase name="Dashboard Functionality › should be responsive on different screen sizes" classname="dashboard.spec.ts" time="6.369">
<failure message="dashboard.spec.ts:147:7 should be responsive on different screen sizes" type="FAILURE">
<![CDATA[  [chromium] › dashboard.spec.ts:147:7 › Dashboard Functionality › should be responsive on different screen sizes 

    Error: Timed out 5000ms waiting for expect(locator).toBeVisible()

    Locator: getByText('Welcome back, Test!')
    Expected: visible
    Received: <element(s) not found>
    Call log:
      - Expect "toBeVisible" with timeout 5000ms
      - waiting for getByText('Welcome back, Test!')


      150 |     // Test desktop view
      151 |     await page.setViewportSize({ width: 1920, height: 1080 })
    > 152 |     await expect(page.getByText('Welcome back, Test!')).toBeVisible()
          |                                                         ^
      153 |     
      154 |     // Test tablet view
      155 |     await page.setViewportSize({ width: 768, height: 1024 })
        at D:\Sample Repos\online-banking\__tests__\e2e\dashboard.spec.ts:152:57

    attachment #1: screenshot (image/png) ──────────────────────────────────────────────────────────
    ..\..\test-results\dashboard-Dashboard-Functi-c045f-e-on-different-screen-sizes-chromium\test-failed-1.png
    ────────────────────────────────────────────────────────────────────────────────────────────────

    attachment #2: video (video/webm) ──────────────────────────────────────────────────────────────
    ..\..\test-results\dashboard-Dashboard-Functi-c045f-e-on-different-screen-sizes-chromium\video.webm
    ────────────────────────────────────────────────────────────────────────────────────────────────

    Error Context: ..\..\test-results\dashboard-Dashboard-Functi-c045f-e-on-different-screen-sizes-chromium\error-context.md
]]>
</failure>
<system-out>
<![CDATA[
[[ATTACHMENT|dashboard-Dashboard-Functi-c045f-e-on-different-screen-sizes-chromium\test-failed-1.png]]

[[ATTACHMENT|dashboard-Dashboard-Functi-c045f-e-on-different-screen-sizes-chromium\video.webm]]

[[ATTACHMENT|dashboard-Dashboard-Functi-c045f-e-on-different-screen-sizes-chromium\error-context.md]]
]]>
</system-out>
</testcase>
<testcase name="Dashboard Functionality › should handle sign out functionality" classname="dashboard.spec.ts" time="34.144">
<failure message="dashboard.spec.ts:167:7 should handle sign out functionality" type="FAILURE">
<![CDATA[  [chromium] › dashboard.spec.ts:167:7 › Dashboard Functionality › should handle sign out functionality 

    Test timeout of 30000ms exceeded.

    Error: locator.click: Test timeout of 30000ms exceeded.
    Call log:
      - waiting for locator('button').filter({ has: locator('[class*="avatar"]') }).first()


      180 |     // Open user dropdown
      181 |     const avatarButton = page.locator('button').filter({ has: page.locator('[class*="avatar"]') }).first()
    > 182 |     await avatarButton.click()
          |                        ^
      183 |     
      184 |     // Click sign out
      185 |     const signOutButton = page.getByText('Sign out')
        at D:\Sample Repos\online-banking\__tests__\e2e\dashboard.spec.ts:182:24

    attachment #1: screenshot (image/png) ──────────────────────────────────────────────────────────
    ..\..\test-results\dashboard-Dashboard-Functi-02b50-ndle-sign-out-functionality-chromium\test-failed-1.png
    ────────────────────────────────────────────────────────────────────────────────────────────────

    attachment #2: video (video/webm) ──────────────────────────────────────────────────────────────
    ..\..\test-results\dashboard-Dashboard-Functi-02b50-ndle-sign-out-functionality-chromium\video.webm
    ────────────────────────────────────────────────────────────────────────────────────────────────

    Error Context: ..\..\test-results\dashboard-Dashboard-Functi-02b50-ndle-sign-out-functionality-chromium\error-context.md
]]>
</failure>
<system-out>
<![CDATA[
[[ATTACHMENT|dashboard-Dashboard-Functi-02b50-ndle-sign-out-functionality-chromium\test-failed-1.png]]

[[ATTACHMENT|dashboard-Dashboard-Functi-02b50-ndle-sign-out-functionality-chromium\video.webm]]

[[ATTACHMENT|dashboard-Dashboard-Functi-02b50-ndle-sign-out-functionality-chromium\error-context.md]]
]]>
</system-out>
</testcase>
<testcase name="Dashboard Functionality › should display proper currency formatting" classname="dashboard.spec.ts" time="6.396">
<failure message="dashboard.spec.ts:192:7 should display proper currency formatting" type="FAILURE">
<![CDATA[  [chromium] › dashboard.spec.ts:192:7 › Dashboard Functionality › should display proper currency formatting 

    Error: Timed out 5000ms waiting for expect(locator).toBeVisible()

    Locator: locator('text=/\\$[0-9,]+\\.\\d{2}/').first()
    Expected: visible
    Received: <element(s) not found>
    Call log:
      - Expect "toBeVisible" with timeout 5000ms
      - waiting for locator('text=/\\$[0-9,]+\\.\\d{2}/').first()


      195 |     // Check that amounts are properly formatted as currency
      196 |     const balanceElements = page.locator('text=/\\$[0-9,]+\\.\\d{2}/')
    > 197 |     await expect(balanceElements.first()).toBeVisible()
          |                                           ^
      198 |     
      199 |     // Specifically check for the $1,000.00 format
      200 |     await expect(page.getByText('$1,000.00')).toBeVisible()
        at D:\Sample Repos\online-banking\__tests__\e2e\dashboard.spec.ts:197:43

    attachment #1: screenshot (image/png) ──────────────────────────────────────────────────────────
    ..\..\test-results\dashboard-Dashboard-Functi-5857f--proper-currency-formatting-chromium\test-failed-1.png
    ────────────────────────────────────────────────────────────────────────────────────────────────

    attachment #2: video (video/webm) ──────────────────────────────────────────────────────────────
    ..\..\test-results\dashboard-Dashboard-Functi-5857f--proper-currency-formatting-chromium\video.webm
    ────────────────────────────────────────────────────────────────────────────────────────────────

    Error Context: ..\..\test-results\dashboard-Dashboard-Functi-5857f--proper-currency-formatting-chromium\error-context.md
]]>
</failure>
<system-out>
<![CDATA[
[[ATTACHMENT|dashboard-Dashboard-Functi-5857f--proper-currency-formatting-chromium\test-failed-1.png]]

[[ATTACHMENT|dashboard-Dashboard-Functi-5857f--proper-currency-formatting-chromium\video.webm]]

[[ATTACHMENT|dashboard-Dashboard-Functi-5857f--proper-currency-formatting-chromium\error-context.md]]
]]>
</system-out>
</testcase>
<testcase name="Dashboard Functionality › should show account type capitalization correctly" classname="dashboard.spec.ts" time="6.331">
<failure message="dashboard.spec.ts:203:7 should show account type capitalization correctly" type="FAILURE">
<![CDATA[  [chromium] › dashboard.spec.ts:203:7 › Dashboard Functionality › should show account type capitalization correctly 

    Error: Timed out 5000ms waiting for expect(locator).toBeVisible()

    Locator: getByText('Checking Account')
    Expected: visible
    Received: <element(s) not found>
    Call log:
      - Expect "toBeVisible" with timeout 5000ms
      - waiting for getByText('Checking Account')


      205 |     
      206 |     // Check that account types are properly formatted
    > 207 |     await expect(page.getByText('Checking Account')).toBeVisible()
          |                                                      ^
      208 |     await expect(page.getByText('Checking')).toBeVisible()
      209 |   })
      210 |
        at D:\Sample Repos\online-banking\__tests__\e2e\dashboard.spec.ts:207:54

    attachment #1: screenshot (image/png) ──────────────────────────────────────────────────────────
    ..\..\test-results\dashboard-Dashboard-Functi-94508-pe-capitalization-correctly-chromium\test-failed-1.png
    ────────────────────────────────────────────────────────────────────────────────────────────────

    attachment #2: video (video/webm) ──────────────────────────────────────────────────────────────
    ..\..\test-results\dashboard-Dashboard-Functi-94508-pe-capitalization-correctly-chromium\video.webm
    ────────────────────────────────────────────────────────────────────────────────────────────────

    Error Context: ..\..\test-results\dashboard-Dashboard-Functi-94508-pe-capitalization-correctly-chromium\error-context.md
]]>
</failure>
<system-out>
<![CDATA[
[[ATTACHMENT|dashboard-Dashboard-Functi-94508-pe-capitalization-correctly-chromium\test-failed-1.png]]

[[ATTACHMENT|dashboard-Dashboard-Functi-94508-pe-capitalization-correctly-chromium\video.webm]]

[[ATTACHMENT|dashboard-Dashboard-Functi-94508-pe-capitalization-correctly-chromium\error-context.md]]
]]>
</system-out>
</testcase>
<testcase name="Dashboard Functionality › should handle loading states gracefully" classname="dashboard.spec.ts" time="6.315">
<failure message="dashboard.spec.ts:211:7 should handle loading states gracefully" type="FAILURE">
<![CDATA[  [chromium] › dashboard.spec.ts:211:7 › Dashboard Functionality › should handle loading states gracefully 

    Error: Timed out 5000ms waiting for expect(locator).toBeVisible()

    Locator: getByText('Welcome back, Test!')
    Expected: visible
    Received: <element(s) not found>
    Call log:
      - Expect "toBeVisible" with timeout 5000ms
      - waiting for getByText('Welcome back, Test!')


      233 |     
      234 |     // Page should load even with delayed API
    > 235 |     await expect(page.getByText('Welcome back, Test!')).toBeVisible()
          |                                                         ^
      236 |   })
      237 |
      238 |   test('should have proper accessibility features', async ({ page }) => {
        at D:\Sample Repos\online-banking\__tests__\e2e\dashboard.spec.ts:235:57

    attachment #1: screenshot (image/png) ──────────────────────────────────────────────────────────
    ..\..\test-results\dashboard-Dashboard-Functi-7b415-e-loading-states-gracefully-chromium\test-failed-1.png
    ────────────────────────────────────────────────────────────────────────────────────────────────

    attachment #2: video (video/webm) ──────────────────────────────────────────────────────────────
    ..\..\test-results\dashboard-Dashboard-Functi-7b415-e-loading-states-gracefully-chromium\video.webm
    ────────────────────────────────────────────────────────────────────────────────────────────────

    Error Context: ..\..\test-results\dashboard-Dashboard-Functi-7b415-e-loading-states-gracefully-chromium\error-context.md
]]>
</failure>
<system-out>
<![CDATA[
[[ATTACHMENT|dashboard-Dashboard-Functi-7b415-e-loading-states-gracefully-chromium\test-failed-1.png]]

[[ATTACHMENT|dashboard-Dashboard-Functi-7b415-e-loading-states-gracefully-chromium\video.webm]]

[[ATTACHMENT|dashboard-Dashboard-Functi-7b415-e-loading-states-gracefully-chromium\error-context.md]]
]]>
</system-out>
</testcase>
<testcase name="Dashboard Functionality › should have proper accessibility features" classname="dashboard.spec.ts" time="6.323">
<failure message="dashboard.spec.ts:238:7 should have proper accessibility features" type="FAILURE">
<![CDATA[  [chromium] › dashboard.spec.ts:238:7 › Dashboard Functionality › should have proper accessibility features 

    Error: Timed out 5000ms waiting for expect(locator).toBeVisible()

    Locator: getByRole('heading', { level: 2 }).first()
    Expected: visible
    Received: <element(s) not found>
    Call log:
      - Expect "toBeVisible" with timeout 5000ms
      - waiting for getByRole('heading', { level: 2 }).first()


      241 |     // Check for proper heading hierarchy
      242 |     const mainHeading = page.getByRole('heading', { level: 2 }).first()
    > 243 |     await expect(mainHeading).toBeVisible()
          |                               ^
      244 |     
      245 |     // Check for button accessibility
      246 |     const buttons = page.getByRole('button')
        at D:\Sample Repos\online-banking\__tests__\e2e\dashboard.spec.ts:243:31

    attachment #1: screenshot (image/png) ──────────────────────────────────────────────────────────
    ..\..\test-results\dashboard-Dashboard-Functi-14a71-oper-accessibility-features-chromium\test-failed-1.png
    ────────────────────────────────────────────────────────────────────────────────────────────────

    attachment #2: video (video/webm) ──────────────────────────────────────────────────────────────
    ..\..\test-results\dashboard-Dashboard-Functi-14a71-oper-accessibility-features-chromium\video.webm
    ────────────────────────────────────────────────────────────────────────────────────────────────

    Error Context: ..\..\test-results\dashboard-Dashboard-Functi-14a71-oper-accessibility-features-chromium\error-context.md
]]>
</failure>
<system-out>
<![CDATA[
[[ATTACHMENT|dashboard-Dashboard-Functi-14a71-oper-accessibility-features-chromium\test-failed-1.png]]

[[ATTACHMENT|dashboard-Dashboard-Functi-14a71-oper-accessibility-features-chromium\video.webm]]

[[ATTACHMENT|dashboard-Dashboard-Functi-14a71-oper-accessibility-features-chromium\error-context.md]]
]]>
</system-out>
</testcase>
<testcase name="Dashboard Functionality › should not have console errors" classname="dashboard.spec.ts" time="1.521">
</testcase>
</testsuite>
<testsuite name="responsive.spec.ts" timestamp="2025-08-16T04:21:59.247Z" hostname="chromium" tests="20" failures="7" skipped="0" time="55.815" errors="0">
<testcase name="Responsive Design Tests › should display sign-in page correctly on Desktop (1920x1080)" classname="responsive.spec.ts" time="1.019">
</testcase>
<testcase name="Responsive Design Tests › should display dashboard correctly on Desktop (1920x1080)" classname="responsive.spec.ts" time="6.352">
<failure message="responsive.spec.ts:67:9 should display dashboard correctly on Desktop (1920x1080)" type="FAILURE">
<![CDATA[  [chromium] › responsive.spec.ts:67:9 › Responsive Design Tests › should display dashboard correctly on Desktop (1920x1080) 

    Error: Timed out 5000ms waiting for expect(locator).toBeVisible()

    Locator: getByText('Welcome back, Test!')
    Expected: visible
    Received: <element(s) not found>
    Call log:
      - Expect "toBeVisible" with timeout 5000ms
      - waiting for getByText('Welcome back, Test!')


      89 |       
      90 |       // Core dashboard elements should be visible
    > 91 |       await expect(page.getByText('Welcome back, Test!')).toBeVisible()
         |                                                           ^
      92 |       await expect(page.getByText('Total Balance')).toBeVisible()
      93 |       await expect(page.getByText('Quick Actions')).toBeVisible()
      94 |       
        at D:\Sample Repos\online-banking\__tests__\e2e\responsive.spec.ts:91:59

    attachment #1: screenshot (image/png) ──────────────────────────────────────────────────────────
    ..\..\test-results\responsive-Responsive-Desi-32df3-ectly-on-Desktop-1920x1080--chromium\test-failed-1.png
    ────────────────────────────────────────────────────────────────────────────────────────────────

    attachment #2: video (video/webm) ──────────────────────────────────────────────────────────────
    ..\..\test-results\responsive-Responsive-Desi-32df3-ectly-on-Desktop-1920x1080--chromium\video.webm
    ────────────────────────────────────────────────────────────────────────────────────────────────

    Error Context: ..\..\test-results\responsive-Responsive-Desi-32df3-ectly-on-Desktop-1920x1080--chromium\error-context.md
]]>
</failure>
<system-out>
<![CDATA[
[[ATTACHMENT|responsive-Responsive-Desi-32df3-ectly-on-Desktop-1920x1080--chromium\test-failed-1.png]]

[[ATTACHMENT|responsive-Responsive-Desi-32df3-ectly-on-Desktop-1920x1080--chromium\video.webm]]

[[ATTACHMENT|responsive-Responsive-Desi-32df3-ectly-on-Desktop-1920x1080--chromium\error-context.md]]
]]>
</system-out>
</testcase>
<testcase name="Responsive Design Tests › should display sign-in page correctly on Laptop (1366x768)" classname="responsive.spec.ts" time="0.834">
</testcase>
<testcase name="Responsive Design Tests › should display dashboard correctly on Laptop (1366x768)" classname="responsive.spec.ts" time="6.301">
<failure message="responsive.spec.ts:67:9 should display dashboard correctly on Laptop (1366x768)" type="FAILURE">
<![CDATA[  [chromium] › responsive.spec.ts:67:9 › Responsive Design Tests › should display dashboard correctly on Laptop (1366x768) 

    Error: Timed out 5000ms waiting for expect(locator).toBeVisible()

    Locator: getByText('Welcome back, Test!')
    Expected: visible
    Received: <element(s) not found>
    Call log:
      - Expect "toBeVisible" with timeout 5000ms
      - waiting for getByText('Welcome back, Test!')


      89 |       
      90 |       // Core dashboard elements should be visible
    > 91 |       await expect(page.getByText('Welcome back, Test!')).toBeVisible()
         |                                                           ^
      92 |       await expect(page.getByText('Total Balance')).toBeVisible()
      93 |       await expect(page.getByText('Quick Actions')).toBeVisible()
      94 |       
        at D:\Sample Repos\online-banking\__tests__\e2e\responsive.spec.ts:91:59

    attachment #1: screenshot (image/png) ──────────────────────────────────────────────────────────
    ..\..\test-results\responsive-Responsive-Desi-4d4d4-rrectly-on-Laptop-1366x768--chromium\test-failed-1.png
    ────────────────────────────────────────────────────────────────────────────────────────────────

    attachment #2: video (video/webm) ──────────────────────────────────────────────────────────────
    ..\..\test-results\responsive-Responsive-Desi-4d4d4-rrectly-on-Laptop-1366x768--chromium\video.webm
    ────────────────────────────────────────────────────────────────────────────────────────────────

    Error Context: ..\..\test-results\responsive-Responsive-Desi-4d4d4-rrectly-on-Laptop-1366x768--chromium\error-context.md
]]>
</failure>
<system-out>
<![CDATA[
[[ATTACHMENT|responsive-Responsive-Desi-4d4d4-rrectly-on-Laptop-1366x768--chromium\test-failed-1.png]]

[[ATTACHMENT|responsive-Responsive-Desi-4d4d4-rrectly-on-Laptop-1366x768--chromium\video.webm]]

[[ATTACHMENT|responsive-Responsive-Desi-4d4d4-rrectly-on-Laptop-1366x768--chromium\error-context.md]]
]]>
</system-out>
</testcase>
<testcase name="Responsive Design Tests › should display sign-in page correctly on Tablet (768x1024)" classname="responsive.spec.ts" time="0.939">
</testcase>
<testcase name="Responsive Design Tests › should display dashboard correctly on Tablet (768x1024)" classname="responsive.spec.ts" time="6.216">
<failure message="responsive.spec.ts:67:9 should display dashboard correctly on Tablet (768x1024)" type="FAILURE">
<![CDATA[  [chromium] › responsive.spec.ts:67:9 › Responsive Design Tests › should display dashboard correctly on Tablet (768x1024) 

    Error: Timed out 5000ms waiting for expect(locator).toBeVisible()

    Locator: getByText('Welcome back, Test!')
    Expected: visible
    Received: <element(s) not found>
    Call log:
      - Expect "toBeVisible" with timeout 5000ms
      - waiting for getByText('Welcome back, Test!')


      89 |       
      90 |       // Core dashboard elements should be visible
    > 91 |       await expect(page.getByText('Welcome back, Test!')).toBeVisible()
         |                                                           ^
      92 |       await expect(page.getByText('Total Balance')).toBeVisible()
      93 |       await expect(page.getByText('Quick Actions')).toBeVisible()
      94 |       
        at D:\Sample Repos\online-banking\__tests__\e2e\responsive.spec.ts:91:59

    attachment #1: screenshot (image/png) ──────────────────────────────────────────────────────────
    ..\..\test-results\responsive-Responsive-Desi-e3613-rrectly-on-Tablet-768x1024--chromium\test-failed-1.png
    ────────────────────────────────────────────────────────────────────────────────────────────────

    attachment #2: video (video/webm) ──────────────────────────────────────────────────────────────
    ..\..\test-results\responsive-Responsive-Desi-e3613-rrectly-on-Tablet-768x1024--chromium\video.webm
    ────────────────────────────────────────────────────────────────────────────────────────────────

    Error Context: ..\..\test-results\responsive-Responsive-Desi-e3613-rrectly-on-Tablet-768x1024--chromium\error-context.md
]]>
</failure>
<system-out>
<![CDATA[
[[ATTACHMENT|responsive-Responsive-Desi-e3613-rrectly-on-Tablet-768x1024--chromium\test-failed-1.png]]

[[ATTACHMENT|responsive-Responsive-Desi-e3613-rrectly-on-Tablet-768x1024--chromium\video.webm]]

[[ATTACHMENT|responsive-Responsive-Desi-e3613-rrectly-on-Tablet-768x1024--chromium\error-context.md]]
]]>
</system-out>
</testcase>
<testcase name="Responsive Design Tests › should display sign-in page correctly on Mobile Large (414x896)" classname="responsive.spec.ts" time="0.891">
</testcase>
<testcase name="Responsive Design Tests › should display dashboard correctly on Mobile Large (414x896)" classname="responsive.spec.ts" time="6.228">
<failure message="responsive.spec.ts:67:9 should display dashboard correctly on Mobile Large (414x896)" type="FAILURE">
<![CDATA[  [chromium] › responsive.spec.ts:67:9 › Responsive Design Tests › should display dashboard correctly on Mobile Large (414x896) 

    Error: Timed out 5000ms waiting for expect(locator).toBeVisible()

    Locator: getByText('Welcome back, Test!')
    Expected: visible
    Received: <element(s) not found>
    Call log:
      - Expect "toBeVisible" with timeout 5000ms
      - waiting for getByText('Welcome back, Test!')


      89 |       
      90 |       // Core dashboard elements should be visible
    > 91 |       await expect(page.getByText('Welcome back, Test!')).toBeVisible()
         |                                                           ^
      92 |       await expect(page.getByText('Total Balance')).toBeVisible()
      93 |       await expect(page.getByText('Quick Actions')).toBeVisible()
      94 |       
        at D:\Sample Repos\online-banking\__tests__\e2e\responsive.spec.ts:91:59

    attachment #1: screenshot (image/png) ──────────────────────────────────────────────────────────
    ..\..\test-results\responsive-Responsive-Desi-f3fbd-ly-on-Mobile-Large-414x896--chromium\test-failed-1.png
    ────────────────────────────────────────────────────────────────────────────────────────────────

    attachment #2: video (video/webm) ──────────────────────────────────────────────────────────────
    ..\..\test-results\responsive-Responsive-Desi-f3fbd-ly-on-Mobile-Large-414x896--chromium\video.webm
    ────────────────────────────────────────────────────────────────────────────────────────────────

    Error Context: ..\..\test-results\responsive-Responsive-Desi-f3fbd-ly-on-Mobile-Large-414x896--chromium\error-context.md
]]>
</failure>
<system-out>
<![CDATA[
[[ATTACHMENT|responsive-Responsive-Desi-f3fbd-ly-on-Mobile-Large-414x896--chromium\test-failed-1.png]]

[[ATTACHMENT|responsive-Responsive-Desi-f3fbd-ly-on-Mobile-Large-414x896--chromium\video.webm]]

[[ATTACHMENT|responsive-Responsive-Desi-f3fbd-ly-on-Mobile-Large-414x896--chromium\error-context.md]]
]]>
</system-out>
</testcase>
<testcase name="Responsive Design Tests › should display sign-in page correctly on Mobile (375x667)" classname="responsive.spec.ts" time="0.992">
</testcase>
<testcase name="Responsive Design Tests › should display dashboard correctly on Mobile (375x667)" classname="responsive.spec.ts" time="6.38">
<failure message="responsive.spec.ts:67:9 should display dashboard correctly on Mobile (375x667)" type="FAILURE">
<![CDATA[  [chromium] › responsive.spec.ts:67:9 › Responsive Design Tests › should display dashboard correctly on Mobile (375x667) 

    Error: Timed out 5000ms waiting for expect(locator).toBeVisible()

    Locator: getByText('Welcome back, Test!')
    Expected: visible
    Received: <element(s) not found>
    Call log:
      - Expect "toBeVisible" with timeout 5000ms
      - waiting for getByText('Welcome back, Test!')


      89 |       
      90 |       // Core dashboard elements should be visible
    > 91 |       await expect(page.getByText('Welcome back, Test!')).toBeVisible()
         |                                                           ^
      92 |       await expect(page.getByText('Total Balance')).toBeVisible()
      93 |       await expect(page.getByText('Quick Actions')).toBeVisible()
      94 |       
        at D:\Sample Repos\online-banking\__tests__\e2e\responsive.spec.ts:91:59

    attachment #1: screenshot (image/png) ──────────────────────────────────────────────────────────
    ..\..\test-results\responsive-Responsive-Desi-c9185-orrectly-on-Mobile-375x667--chromium\test-failed-1.png
    ────────────────────────────────────────────────────────────────────────────────────────────────

    attachment #2: video (video/webm) ──────────────────────────────────────────────────────────────
    ..\..\test-results\responsive-Responsive-Desi-c9185-orrectly-on-Mobile-375x667--chromium\video.webm
    ────────────────────────────────────────────────────────────────────────────────────────────────

    Error Context: ..\..\test-results\responsive-Responsive-Desi-c9185-orrectly-on-Mobile-375x667--chromium\error-context.md
]]>
</failure>
<system-out>
<![CDATA[
[[ATTACHMENT|responsive-Responsive-Desi-c9185-orrectly-on-Mobile-375x667--chromium\test-failed-1.png]]

[[ATTACHMENT|responsive-Responsive-Desi-c9185-orrectly-on-Mobile-375x667--chromium\video.webm]]

[[ATTACHMENT|responsive-Responsive-Desi-c9185-orrectly-on-Mobile-375x667--chromium\error-context.md]]
]]>
</system-out>
</testcase>
<testcase name="Responsive Design Tests › should display sign-in page correctly on Mobile Small (320x568)" classname="responsive.spec.ts" time="0.814">
</testcase>
<testcase name="Responsive Design Tests › should display dashboard correctly on Mobile Small (320x568)" classname="responsive.spec.ts" time="6.313">
<failure message="responsive.spec.ts:67:9 should display dashboard correctly on Mobile Small (320x568)" type="FAILURE">
<![CDATA[  [chromium] › responsive.spec.ts:67:9 › Responsive Design Tests › should display dashboard correctly on Mobile Small (320x568) 

    Error: Timed out 5000ms waiting for expect(locator).toBeVisible()

    Locator: getByText('Welcome back, Test!')
    Expected: visible
    Received: <element(s) not found>
    Call log:
      - Expect "toBeVisible" with timeout 5000ms
      - waiting for getByText('Welcome back, Test!')


      89 |       
      90 |       // Core dashboard elements should be visible
    > 91 |       await expect(page.getByText('Welcome back, Test!')).toBeVisible()
         |                                                           ^
      92 |       await expect(page.getByText('Total Balance')).toBeVisible()
      93 |       await expect(page.getByText('Quick Actions')).toBeVisible()
      94 |       
        at D:\Sample Repos\online-banking\__tests__\e2e\responsive.spec.ts:91:59

    attachment #1: screenshot (image/png) ──────────────────────────────────────────────────────────
    ..\..\test-results\responsive-Responsive-Desi-025fd-ly-on-Mobile-Small-320x568--chromium\test-failed-1.png
    ────────────────────────────────────────────────────────────────────────────────────────────────

    attachment #2: video (video/webm) ──────────────────────────────────────────────────────────────
    ..\..\test-results\responsive-Responsive-Desi-025fd-ly-on-Mobile-Small-320x568--chromium\video.webm
    ────────────────────────────────────────────────────────────────────────────────────────────────

    Error Context: ..\..\test-results\responsive-Responsive-Desi-025fd-ly-on-Mobile-Small-320x568--chromium\error-context.md
]]>
</failure>
<system-out>
<![CDATA[
[[ATTACHMENT|responsive-Responsive-Desi-025fd-ly-on-Mobile-Small-320x568--chromium\test-failed-1.png]]

[[ATTACHMENT|responsive-Responsive-Desi-025fd-ly-on-Mobile-Small-320x568--chromium\video.webm]]

[[ATTACHMENT|responsive-Responsive-Desi-025fd-ly-on-Mobile-Small-320x568--chromium\error-context.md]]
]]>
</system-out>
</testcase>
<testcase name="Responsive Design Tests › should have touch-friendly buttons on mobile devices" classname="responsive.spec.ts" time="0.904">
</testcase>
<testcase name="Responsive Design Tests › should handle horizontal scrolling properly" classname="responsive.spec.ts" time="0.779">
</testcase>
<testcase name="Responsive Design Tests › should maintain readability at different zoom levels" classname="responsive.spec.ts" time="0.797">
</testcase>
<testcase name="Responsive Design Tests › should work with browser device emulation" classname="responsive.spec.ts" time="4.755">
</testcase>
<testcase name="Responsive Design Tests › should handle orientation changes on mobile" classname="responsive.spec.ts" time="0.842">
</testcase>
<testcase name="Responsive Design Tests › should maintain proper spacing and margins" classname="responsive.spec.ts" time="0.835">
<failure message="responsive.spec.ts:193:7 should maintain proper spacing and margins" type="FAILURE">
<![CDATA[  [chromium] › responsive.spec.ts:193:7 › Responsive Design Tests › should maintain proper spacing and margins 

    Error: expect(received).toBeGreaterThan(expected)

    Expected: > 10
    Received:   0

      201 |       if (cardBox) {
      202 |         // Card should have margin from screen edges
    > 203 |         expect(cardBox.x).toBeGreaterThan(10)
          |                           ^
      204 |         expect(cardBox.x + cardBox.width).toBeLessThan(365) // 375 - 10px margin
      205 |       }
      206 |     }
        at D:\Sample Repos\online-banking\__tests__\e2e\responsive.spec.ts:203:27

    attachment #1: screenshot (image/png) ──────────────────────────────────────────────────────────
    ..\..\test-results\responsive-Responsive-Desi-f6d5e--proper-spacing-and-margins-chromium\test-failed-1.png
    ────────────────────────────────────────────────────────────────────────────────────────────────

    attachment #2: video (video/webm) ──────────────────────────────────────────────────────────────
    ..\..\test-results\responsive-Responsive-Desi-f6d5e--proper-spacing-and-margins-chromium\video.webm
    ────────────────────────────────────────────────────────────────────────────────────────────────

    Error Context: ..\..\test-results\responsive-Responsive-Desi-f6d5e--proper-spacing-and-margins-chromium\error-context.md
]]>
</failure>
<system-out>
<![CDATA[
[[ATTACHMENT|responsive-Responsive-Desi-f6d5e--proper-spacing-and-margins-chromium\test-failed-1.png]]

[[ATTACHMENT|responsive-Responsive-Desi-f6d5e--proper-spacing-and-margins-chromium\video.webm]]

[[ATTACHMENT|responsive-Responsive-Desi-f6d5e--proper-spacing-and-margins-chromium\error-context.md]]
]]>
</system-out>
</testcase>
<testcase name="Responsive Design Tests › should have proper font sizes across devices" classname="responsive.spec.ts" time="2.573">
</testcase>
<testcase name="Responsive Design Tests › should maintain aspect ratios for images and icons" classname="responsive.spec.ts" time="1.051">
</testcase>
</testsuite>
<testsuite name="auth.spec.ts" timestamp="2025-08-16T04:21:59.247Z" hostname="firefox" tests="10" failures="1" skipped="0" time="59.604" errors="0">
<testcase name="Authentication Flow › should display sign-in page for unauthenticated users" classname="auth.spec.ts" time="3.285">
</testcase>
<testcase name="Authentication Flow › should have proper page title and meta tags" classname="auth.spec.ts" time="5.549">
</testcase>
<testcase name="Authentication Flow › should display Google sign-in button with proper styling" classname="auth.spec.ts" time="6.257">
</testcase>
<testcase name="Authentication Flow › should be responsive on mobile devices" classname="auth.spec.ts" time="7.02">
</testcase>
<testcase name="Authentication Flow › should handle sign-in button click" classname="auth.spec.ts" time="7.289">
</testcase>
<testcase name="Authentication Flow › should display error handling gracefully" classname="auth.spec.ts" time="3.291">
</testcase>
<testcase name="Authentication Flow › should have accessible form elements" classname="auth.spec.ts" time="10.748">
<failure message="auth.spec.ts:79:7 should have accessible form elements" type="FAILURE">
<![CDATA[  [firefox] › auth.spec.ts:79:7 › Authentication Flow › should have accessible form elements ───────

    Error: Timed out 5000ms waiting for expect(locator).toBeVisible()

    Locator: getByRole('heading', { level: 1 }).or(getByRole('heading', { level: 2 }))
    Expected: visible
    Received: <element(s) not found>
    Call log:
      - Expect "toBeVisible" with timeout 5000ms
      - waiting for getByRole('heading', { level: 1 }).or(getByRole('heading', { level: 2 }))


      84 |     // Check heading hierarchy
      85 |     const mainHeading = page.getByRole('heading', { level: 1 }).or(page.getByRole('heading', { level: 2 }))
    > 86 |     await expect(mainHeading).toBeVisible()
         |                               ^
      87 |   })
      88 |
      89 |   test('should load without JavaScript errors', async ({ page }) => {
        at D:\Sample Repos\online-banking\__tests__\e2e\auth.spec.ts:86:31

    attachment #1: screenshot (image/png) ──────────────────────────────────────────────────────────
    ..\..\test-results\auth-Authentication-Flow-s-1e55a-ve-accessible-form-elements-firefox\test-failed-1.png
    ────────────────────────────────────────────────────────────────────────────────────────────────

    attachment #2: video (video/webm) ──────────────────────────────────────────────────────────────
    ..\..\test-results\auth-Authentication-Flow-s-1e55a-ve-accessible-form-elements-firefox\video.webm
    ────────────────────────────────────────────────────────────────────────────────────────────────

    Error Context: ..\..\test-results\auth-Authentication-Flow-s-1e55a-ve-accessible-form-elements-firefox\error-context.md
]]>
</failure>
<system-out>
<![CDATA[
[[ATTACHMENT|auth-Authentication-Flow-s-1e55a-ve-accessible-form-elements-firefox\test-failed-1.png]]

[[ATTACHMENT|auth-Authentication-Flow-s-1e55a-ve-accessible-form-elements-firefox\video.webm]]

[[ATTACHMENT|auth-Authentication-Flow-s-1e55a-ve-accessible-form-elements-firefox\error-context.md]]
]]>
</system-out>
</testcase>
<testcase name="Authentication Flow › should load without JavaScript errors" classname="auth.spec.ts" time="6.667">
</testcase>
<testcase name="Authentication Flow › should work with keyboard navigation" classname="auth.spec.ts" time="4.101">
</testcase>
<testcase name="Authentication Flow › should have proper security headers" classname="auth.spec.ts" time="5.397">
</testcase>
</testsuite>
<testsuite name="dashboard.spec.ts" timestamp="2025-08-16T04:21:59.247Z" hostname="firefox" tests="14" failures="13" skipped="0" time="164.083" errors="0">
<testcase name="Dashboard Functionality › should display dashboard with user welcome message" classname="dashboard.spec.ts" time="7.651">
<failure message="dashboard.spec.ts:63:7 should display dashboard with user welcome message" type="FAILURE">
<![CDATA[  [firefox] › dashboard.spec.ts:63:7 › Dashboard Functionality › should display dashboard with user welcome message 

    Error: Timed out 5000ms waiting for expect(locator).toBeVisible()

    Locator: getByText('Welcome back, Test!')
    Expected: visible
    Received: <element(s) not found>
    Call log:
      - Expect "toBeVisible" with timeout 5000ms
      - waiting for getByText('Welcome back, Test!')


      64 |     await page.goto('/dashboard')
      65 |     
    > 66 |     await expect(page.getByText('Welcome back, Test!')).toBeVisible()
         |                                                         ^
      67 |     await expect(page.getByText('Here\'s an overview of your accounts and recent activity.')).toBeVisible()
      68 |   })
      69 |
        at D:\Sample Repos\online-banking\__tests__\e2e\dashboard.spec.ts:66:57

    attachment #1: screenshot (image/png) ──────────────────────────────────────────────────────────
    ..\..\test-results\dashboard-Dashboard-Functi-89a84-d-with-user-welcome-message-firefox\test-failed-1.png
    ────────────────────────────────────────────────────────────────────────────────────────────────

    attachment #2: video (video/webm) ──────────────────────────────────────────────────────────────
    ..\..\test-results\dashboard-Dashboard-Functi-89a84-d-with-user-welcome-message-firefox\video.webm
    ────────────────────────────────────────────────────────────────────────────────────────────────

    Error Context: ..\..\test-results\dashboard-Dashboard-Functi-89a84-d-with-user-welcome-message-firefox\error-context.md
]]>
</failure>
<system-out>
<![CDATA[
[[ATTACHMENT|dashboard-Dashboard-Functi-89a84-d-with-user-welcome-message-firefox\test-failed-1.png]]

[[ATTACHMENT|dashboard-Dashboard-Functi-89a84-d-with-user-welcome-message-firefox\video.webm]]

[[ATTACHMENT|dashboard-Dashboard-Functi-89a84-d-with-user-welcome-message-firefox\error-context.md]]
]]>
</system-out>
</testcase>
<testcase name="Dashboard Functionality › should display account overview cards" classname="dashboard.spec.ts" time="7.822">
<failure message="dashboard.spec.ts:70:7 should display account overview cards" type="FAILURE">
<![CDATA[  [firefox] › dashboard.spec.ts:70:7 › Dashboard Functionality › should display account overview cards 

    Error: Timed out 5000ms waiting for expect(locator).toBeVisible()

    Locator: getByText('Total Balance')
    Expected: visible
    Received: <element(s) not found>
    Call log:
      - Expect "toBeVisible" with timeout 5000ms
      - waiting for getByText('Total Balance')


      72 |     
      73 |     // Check for account overview cards
    > 74 |     await expect(page.getByText('Total Balance')).toBeVisible()
         |                                                   ^
      75 |     await expect(page.getByText('$1,000.00')).toBeVisible()
      76 |     await expect(page.getByText('Across 1 account')).toBeVisible()
      77 |     
        at D:\Sample Repos\online-banking\__tests__\e2e\dashboard.spec.ts:74:51

    attachment #1: screenshot (image/png) ──────────────────────────────────────────────────────────
    ..\..\test-results\dashboard-Dashboard-Functi-70da6-play-account-overview-cards-firefox\test-failed-1.png
    ────────────────────────────────────────────────────────────────────────────────────────────────

    attachment #2: video (video/webm) ──────────────────────────────────────────────────────────────
    ..\..\test-results\dashboard-Dashboard-Functi-70da6-play-account-overview-cards-firefox\video.webm
    ────────────────────────────────────────────────────────────────────────────────────────────────

    Error Context: ..\..\test-results\dashboard-Dashboard-Functi-70da6-play-account-overview-cards-firefox\error-context.md
]]>
</failure>
<system-out>
<![CDATA[
[[ATTACHMENT|dashboard-Dashboard-Functi-70da6-play-account-overview-cards-firefox\test-failed-1.png]]

[[ATTACHMENT|dashboard-Dashboard-Functi-70da6-play-account-overview-cards-firefox\video.webm]]

[[ATTACHMENT|dashboard-Dashboard-Functi-70da6-play-account-overview-cards-firefox\error-context.md]]
]]>
</system-out>
</testcase>
<testcase name="Dashboard Functionality › should display masked account numbers" classname="dashboard.spec.ts" time="7.997">
<failure message="dashboard.spec.ts:85:7 should display masked account numbers" type="FAILURE">
<![CDATA[  [firefox] › dashboard.spec.ts:85:7 › Dashboard Functionality › should display masked account numbers 

    Error: Timed out 5000ms waiting for expect(locator).toBeVisible()

    Locator: getByText('••••7890')
    Expected: visible
    Received: <element(s) not found>
    Call log:
      - Expect "toBeVisible" with timeout 5000ms
      - waiting for getByText('••••7890')


      87 |     
      88 |     // Check for masked account number
    > 89 |     await expect(page.getByText('••••7890')).toBeVisible()
         |                                              ^
      90 |     await expect(page.getByText('Account Number: ••••••7890')).toBeVisible()
      91 |   })
      92 |
        at D:\Sample Repos\online-banking\__tests__\e2e\dashboard.spec.ts:89:46

    attachment #1: screenshot (image/png) ──────────────────────────────────────────────────────────
    ..\..\test-results\dashboard-Dashboard-Functi-6f080-play-masked-account-numbers-firefox\test-failed-1.png
    ────────────────────────────────────────────────────────────────────────────────────────────────

    attachment #2: video (video/webm) ──────────────────────────────────────────────────────────────
    ..\..\test-results\dashboard-Dashboard-Functi-6f080-play-masked-account-numbers-firefox\video.webm
    ────────────────────────────────────────────────────────────────────────────────────────────────

    Error Context: ..\..\test-results\dashboard-Dashboard-Functi-6f080-play-masked-account-numbers-firefox\error-context.md
]]>
</failure>
<system-out>
<![CDATA[
[[ATTACHMENT|dashboard-Dashboard-Functi-6f080-play-masked-account-numbers-firefox\test-failed-1.png]]

[[ATTACHMENT|dashboard-Dashboard-Functi-6f080-play-masked-account-numbers-firefox\video.webm]]

[[ATTACHMENT|dashboard-Dashboard-Functi-6f080-play-masked-account-numbers-firefox\error-context.md]]
]]>
</system-out>
</testcase>
<testcase name="Dashboard Functionality › should display quick actions section" classname="dashboard.spec.ts" time="7.924">
<failure message="dashboard.spec.ts:93:7 should display quick actions section" type="FAILURE">
<![CDATA[  [firefox] › dashboard.spec.ts:93:7 › Dashboard Functionality › should display quick actions section 

    Error: Timed out 5000ms waiting for expect(locator).toBeVisible()

    Locator: getByText('Quick Actions')
    Expected: visible
    Received: <element(s) not found>
    Call log:
      - Expect "toBeVisible" with timeout 5000ms
      - waiting for getByText('Quick Actions')


      94 |     await page.goto('/dashboard')
      95 |     
    > 96 |     await expect(page.getByText('Quick Actions')).toBeVisible()
         |                                                   ^
      97 |     await expect(page.getByText('Transfer Money')).toBeVisible()
      98 |     await expect(page.getByText('Deposit Check')).toBeVisible()
      99 |     await expect(page.getByText('Pay Bills')).toBeVisible()
        at D:\Sample Repos\online-banking\__tests__\e2e\dashboard.spec.ts:96:51

    attachment #1: screenshot (image/png) ──────────────────────────────────────────────────────────
    ..\..\test-results\dashboard-Dashboard-Functi-3162c-splay-quick-actions-section-firefox\test-failed-1.png
    ────────────────────────────────────────────────────────────────────────────────────────────────

    attachment #2: video (video/webm) ──────────────────────────────────────────────────────────────
    ..\..\test-results\dashboard-Dashboard-Functi-3162c-splay-quick-actions-section-firefox\video.webm
    ────────────────────────────────────────────────────────────────────────────────────────────────

    Error Context: ..\..\test-results\dashboard-Dashboard-Functi-3162c-splay-quick-actions-section-firefox\error-context.md
]]>
</failure>
<system-out>
<![CDATA[
[[ATTACHMENT|dashboard-Dashboard-Functi-3162c-splay-quick-actions-section-firefox\test-failed-1.png]]

[[ATTACHMENT|dashboard-Dashboard-Functi-3162c-splay-quick-actions-section-firefox\video.webm]]

[[ATTACHMENT|dashboard-Dashboard-Functi-3162c-splay-quick-actions-section-firefox\error-context.md]]
]]>
</system-out>
</testcase>
<testcase name="Dashboard Functionality › should display recent activity section" classname="dashboard.spec.ts" time="7.215">
<failure message="dashboard.spec.ts:103:7 should display recent activity section" type="FAILURE">
<![CDATA[  [firefox] › dashboard.spec.ts:103:7 › Dashboard Functionality › should display recent activity section 

    Error: Timed out 5000ms waiting for expect(locator).toBeVisible()

    Locator: getByText('Recent Activity')
    Expected: visible
    Received: <element(s) not found>
    Call log:
      - Expect "toBeVisible" with timeout 5000ms
      - waiting for getByText('Recent Activity')


      104 |     await page.goto('/dashboard')
      105 |     
    > 106 |     await expect(page.getByText('Recent Activity')).toBeVisible()
          |                                                     ^
      107 |     
      108 |     // Check for mock transactions
      109 |     await expect(page.getByText('Initial Deposit')).toBeVisible()
        at D:\Sample Repos\online-banking\__tests__\e2e\dashboard.spec.ts:106:53

    attachment #1: screenshot (image/png) ──────────────────────────────────────────────────────────
    ..\..\test-results\dashboard-Dashboard-Functi-c1602-lay-recent-activity-section-firefox\test-failed-1.png
    ────────────────────────────────────────────────────────────────────────────────────────────────

    attachment #2: video (video/webm) ──────────────────────────────────────────────────────────────
    ..\..\test-results\dashboard-Dashboard-Functi-c1602-lay-recent-activity-section-firefox\video.webm
    ────────────────────────────────────────────────────────────────────────────────────────────────

    Error Context: ..\..\test-results\dashboard-Dashboard-Functi-c1602-lay-recent-activity-section-firefox\error-context.md
]]>
</failure>
<system-out>
<![CDATA[
[[ATTACHMENT|dashboard-Dashboard-Functi-c1602-lay-recent-activity-section-firefox\test-failed-1.png]]

[[ATTACHMENT|dashboard-Dashboard-Functi-c1602-lay-recent-activity-section-firefox\video.webm]]

[[ATTACHMENT|dashboard-Dashboard-Functi-c1602-lay-recent-activity-section-firefox\error-context.md]]
]]>
</system-out>
</testcase>
<testcase name="Dashboard Functionality › should have functional header with user dropdown" classname="dashboard.spec.ts" time="30.168">
<failure message="dashboard.spec.ts:114:7 should have functional header with user dropdown" type="FAILURE">
<![CDATA[  [firefox] › dashboard.spec.ts:114:7 › Dashboard Functionality › should have functional header with user dropdown 

    Test timeout of 30000ms exceeded.

    Error: locator.click: Test timeout of 30000ms exceeded.
    Call log:
      - waiting for locator('button').filter({ has: locator('[class*="avatar"]') }).first()


      120 |     // Click user avatar to open dropdown
      121 |     const avatarButton = page.locator('button').filter({ has: page.locator('[class*="avatar"]') }).first()
    > 122 |     await avatarButton.click()
          |                        ^
      123 |     
      124 |     // Check dropdown items
      125 |     await expect(page.getByText('Test User')).toBeVisible()
        at D:\Sample Repos\online-banking\__tests__\e2e\dashboard.spec.ts:122:24

    attachment #1: screenshot (image/png) ──────────────────────────────────────────────────────────
    ..\..\test-results\dashboard-Dashboard-Functi-86768-l-header-with-user-dropdown-firefox\test-failed-1.png
    ────────────────────────────────────────────────────────────────────────────────────────────────

    attachment #2: video (video/webm) ──────────────────────────────────────────────────────────────
    ..\..\test-results\dashboard-Dashboard-Functi-86768-l-header-with-user-dropdown-firefox\video.webm
    ────────────────────────────────────────────────────────────────────────────────────────────────

    Error Context: ..\..\test-results\dashboard-Dashboard-Functi-86768-l-header-with-user-dropdown-firefox\error-context.md
]]>
</failure>
<system-out>
<![CDATA[
[[ATTACHMENT|dashboard-Dashboard-Functi-86768-l-header-with-user-dropdown-firefox\test-failed-1.png]]

[[ATTACHMENT|dashboard-Dashboard-Functi-86768-l-header-with-user-dropdown-firefox\video.webm]]

[[ATTACHMENT|dashboard-Dashboard-Functi-86768-l-header-with-user-dropdown-firefox\error-context.md]]
]]>
</system-out>
</testcase>
<testcase name="Dashboard Functionality › should have working theme toggle" classname="dashboard.spec.ts" time="9.851">
<failure message="dashboard.spec.ts:131:7 should have working theme toggle" type="FAILURE">
<![CDATA[  [firefox] › dashboard.spec.ts:131:7 › Dashboard Functionality › should have working theme toggle ─

    Error: Timed out 5000ms waiting for expect(locator).toBeVisible()

    Locator: getByRole('button', { name: /toggle theme/i })
    Expected: visible
    Received: <element(s) not found>
    Call log:
      - Expect "toBeVisible" with timeout 5000ms
      - waiting for getByRole('button', { name: /toggle theme/i })


      134 |     // Find theme toggle button
      135 |     const themeToggle = page.getByRole('button', { name: /toggle theme/i })
    > 136 |     await expect(themeToggle).toBeVisible()
          |                               ^
      137 |     
      138 |     // Click to open theme menu
      139 |     await themeToggle.click()
        at D:\Sample Repos\online-banking\__tests__\e2e\dashboard.spec.ts:136:31

    attachment #1: screenshot (image/png) ──────────────────────────────────────────────────────────
    ..\..\test-results\dashboard-Dashboard-Functi-e231b-d-have-working-theme-toggle-firefox\test-failed-1.png
    ────────────────────────────────────────────────────────────────────────────────────────────────

    attachment #2: video (video/webm) ──────────────────────────────────────────────────────────────
    ..\..\test-results\dashboard-Dashboard-Functi-e231b-d-have-working-theme-toggle-firefox\video.webm
    ────────────────────────────────────────────────────────────────────────────────────────────────

    Error Context: ..\..\test-results\dashboard-Dashboard-Functi-e231b-d-have-working-theme-toggle-firefox\error-context.md
]]>
</failure>
<system-out>
<![CDATA[
[[ATTACHMENT|dashboard-Dashboard-Functi-e231b-d-have-working-theme-toggle-firefox\test-failed-1.png]]

[[ATTACHMENT|dashboard-Dashboard-Functi-e231b-d-have-working-theme-toggle-firefox\video.webm]]

[[ATTACHMENT|dashboard-Dashboard-Functi-e231b-d-have-working-theme-toggle-firefox\error-context.md]]
]]>
</system-out>
</testcase>
<testcase name="Dashboard Functionality › should be responsive on different screen sizes" classname="dashboard.spec.ts" time="12.008">
<failure message="dashboard.spec.ts:147:7 should be responsive on different screen sizes" type="FAILURE">
<![CDATA[  [firefox] › dashboard.spec.ts:147:7 › Dashboard Functionality › should be responsive on different screen sizes 

    Error: Timed out 5000ms waiting for expect(locator).toBeVisible()

    Locator: getByText('Welcome back, Test!')
    Expected: visible
    Received: <element(s) not found>
    Call log:
      - Expect "toBeVisible" with timeout 5000ms
      - waiting for getByText('Welcome back, Test!')


      150 |     // Test desktop view
      151 |     await page.setViewportSize({ width: 1920, height: 1080 })
    > 152 |     await expect(page.getByText('Welcome back, Test!')).toBeVisible()
          |                                                         ^
      153 |     
      154 |     // Test tablet view
      155 |     await page.setViewportSize({ width: 768, height: 1024 })
        at D:\Sample Repos\online-banking\__tests__\e2e\dashboard.spec.ts:152:57

    attachment #1: screenshot (image/png) ──────────────────────────────────────────────────────────
    ..\..\test-results\dashboard-Dashboard-Functi-c045f-e-on-different-screen-sizes-firefox\test-failed-1.png
    ────────────────────────────────────────────────────────────────────────────────────────────────

    attachment #2: video (video/webm) ──────────────────────────────────────────────────────────────
    ..\..\test-results\dashboard-Dashboard-Functi-c045f-e-on-different-screen-sizes-firefox\video.webm
    ────────────────────────────────────────────────────────────────────────────────────────────────

    Error Context: ..\..\test-results\dashboard-Dashboard-Functi-c045f-e-on-different-screen-sizes-firefox\error-context.md
]]>
</failure>
<system-out>
<![CDATA[
[[ATTACHMENT|dashboard-Dashboard-Functi-c045f-e-on-different-screen-sizes-firefox\test-failed-1.png]]

[[ATTACHMENT|dashboard-Dashboard-Functi-c045f-e-on-different-screen-sizes-firefox\video.webm]]

[[ATTACHMENT|dashboard-Dashboard-Functi-c045f-e-on-different-screen-sizes-firefox\error-context.md]]
]]>
</system-out>
</testcase>
<testcase name="Dashboard Functionality › should handle sign out functionality" classname="dashboard.spec.ts" time="30.177">
<failure message="dashboard.spec.ts:167:7 should handle sign out functionality" type="FAILURE">
<![CDATA[  [firefox] › dashboard.spec.ts:167:7 › Dashboard Functionality › should handle sign out functionality 

    Test timeout of 30000ms exceeded.

    Error: locator.click: Test timeout of 30000ms exceeded.
    Call log:
      - waiting for locator('button').filter({ has: locator('[class*="avatar"]') }).first()


      180 |     // Open user dropdown
      181 |     const avatarButton = page.locator('button').filter({ has: page.locator('[class*="avatar"]') }).first()
    > 182 |     await avatarButton.click()
          |                        ^
      183 |     
      184 |     // Click sign out
      185 |     const signOutButton = page.getByText('Sign out')
        at D:\Sample Repos\online-banking\__tests__\e2e\dashboard.spec.ts:182:24

    attachment #1: screenshot (image/png) ──────────────────────────────────────────────────────────
    ..\..\test-results\dashboard-Dashboard-Functi-02b50-ndle-sign-out-functionality-firefox\test-failed-1.png
    ────────────────────────────────────────────────────────────────────────────────────────────────

    attachment #2: video (video/webm) ──────────────────────────────────────────────────────────────
    ..\..\test-results\dashboard-Dashboard-Functi-02b50-ndle-sign-out-functionality-firefox\video.webm
    ────────────────────────────────────────────────────────────────────────────────────────────────

    Error Context: ..\..\test-results\dashboard-Dashboard-Functi-02b50-ndle-sign-out-functionality-firefox\error-context.md
]]>
</failure>
<system-out>
<![CDATA[
[[ATTACHMENT|dashboard-Dashboard-Functi-02b50-ndle-sign-out-functionality-firefox\test-failed-1.png]]

[[ATTACHMENT|dashboard-Dashboard-Functi-02b50-ndle-sign-out-functionality-firefox\video.webm]]

[[ATTACHMENT|dashboard-Dashboard-Functi-02b50-ndle-sign-out-functionality-firefox\error-context.md]]
]]>
</system-out>
</testcase>
<testcase name="Dashboard Functionality › should display proper currency formatting" classname="dashboard.spec.ts" time="12.098">
<failure message="dashboard.spec.ts:192:7 should display proper currency formatting" type="FAILURE">
<![CDATA[  [firefox] › dashboard.spec.ts:192:7 › Dashboard Functionality › should display proper currency formatting 

    Error: Timed out 5000ms waiting for expect(locator).toBeVisible()

    Locator: locator('text=/\\$[0-9,]+\\.\\d{2}/').first()
    Expected: visible
    Received: <element(s) not found>
    Call log:
      - Expect "toBeVisible" with timeout 5000ms
      - waiting for locator('text=/\\$[0-9,]+\\.\\d{2}/').first()


      195 |     // Check that amounts are properly formatted as currency
      196 |     const balanceElements = page.locator('text=/\\$[0-9,]+\\.\\d{2}/')
    > 197 |     await expect(balanceElements.first()).toBeVisible()
          |                                           ^
      198 |     
      199 |     // Specifically check for the $1,000.00 format
      200 |     await expect(page.getByText('$1,000.00')).toBeVisible()
        at D:\Sample Repos\online-banking\__tests__\e2e\dashboard.spec.ts:197:43

    attachment #1: screenshot (image/png) ──────────────────────────────────────────────────────────
    ..\..\test-results\dashboard-Dashboard-Functi-5857f--proper-currency-formatting-firefox\test-failed-1.png
    ────────────────────────────────────────────────────────────────────────────────────────────────

    attachment #2: video (video/webm) ──────────────────────────────────────────────────────────────
    ..\..\test-results\dashboard-Dashboard-Functi-5857f--proper-currency-formatting-firefox\video.webm
    ────────────────────────────────────────────────────────────────────────────────────────────────

    Error Context: ..\..\test-results\dashboard-Dashboard-Functi-5857f--proper-currency-formatting-firefox\error-context.md
]]>
</failure>
<system-out>
<![CDATA[
[[ATTACHMENT|dashboard-Dashboard-Functi-5857f--proper-currency-formatting-firefox\test-failed-1.png]]

[[ATTACHMENT|dashboard-Dashboard-Functi-5857f--proper-currency-formatting-firefox\video.webm]]

[[ATTACHMENT|dashboard-Dashboard-Functi-5857f--proper-currency-formatting-firefox\error-context.md]]
]]>
</system-out>
</testcase>
<testcase name="Dashboard Functionality › should show account type capitalization correctly" classname="dashboard.spec.ts" time="11.041">
<failure message="dashboard.spec.ts:203:7 should show account type capitalization correctly" type="FAILURE">
<![CDATA[  [firefox] › dashboard.spec.ts:203:7 › Dashboard Functionality › should show account type capitalization correctly 

    Error: Timed out 5000ms waiting for expect(locator).toBeVisible()

    Locator: getByText('Checking Account')
    Expected: visible
    Received: <element(s) not found>
    Call log:
      - Expect "toBeVisible" with timeout 5000ms
      - waiting for getByText('Checking Account')


      205 |     
      206 |     // Check that account types are properly formatted
    > 207 |     await expect(page.getByText('Checking Account')).toBeVisible()
          |                                                      ^
      208 |     await expect(page.getByText('Checking')).toBeVisible()
      209 |   })
      210 |
        at D:\Sample Repos\online-banking\__tests__\e2e\dashboard.spec.ts:207:54

    attachment #1: screenshot (image/png) ──────────────────────────────────────────────────────────
    ..\..\test-results\dashboard-Dashboard-Functi-94508-pe-capitalization-correctly-firefox\test-failed-1.png
    ────────────────────────────────────────────────────────────────────────────────────────────────

    attachment #2: video (video/webm) ──────────────────────────────────────────────────────────────
    ..\..\test-results\dashboard-Dashboard-Functi-94508-pe-capitalization-correctly-firefox\video.webm
    ────────────────────────────────────────────────────────────────────────────────────────────────

    Error Context: ..\..\test-results\dashboard-Dashboard-Functi-94508-pe-capitalization-correctly-firefox\error-context.md
]]>
</failure>
<system-out>
<![CDATA[
[[ATTACHMENT|dashboard-Dashboard-Functi-94508-pe-capitalization-correctly-firefox\test-failed-1.png]]

[[ATTACHMENT|dashboard-Dashboard-Functi-94508-pe-capitalization-correctly-firefox\video.webm]]

[[ATTACHMENT|dashboard-Dashboard-Functi-94508-pe-capitalization-correctly-firefox\error-context.md]]
]]>
</system-out>
[...]
      - waiting for getByRole('heading', { level: 2 }).first()


      241 |     // Check for proper heading hierarchy
      242 |     const mainHeading = page.getByRole('heading', { level: 2 }).first()
    > 243 |     await expect(mainHeading).toBeVisible()
          |                               ^
      244 |     
      245 |     // Check for button accessibility
      246 |     const buttons = page.getByRole('button')
        at D:\Sample Repos\online-banking\__tests__\e2e\dashboard.spec.ts:243:31

    attachment #1: screenshot (image/png) ──────────────────────────────────────────────────────────
    ..\..\test-results\dashboard-Dashboard-Functi-14a71-oper-accessibility-features-Mobile-Safari\test-failed-1.png
    ────────────────────────────────────────────────────────────────────────────────────────────────

    attachment #2: video (video/webm) ──────────────────────────────────────────────────────────────
    ..\..\test-results\dashboard-Dashboard-Functi-14a71-oper-accessibility-features-Mobile-Safari\video.webm
    ────────────────────────────────────────────────────────────────────────────────────────────────

    Error Context: ..\..\test-results\dashboard-Dashboard-Functi-14a71-oper-accessibility-features-Mobile-Safari\error-context.md
]]>
</failure>
<system-out>
<![CDATA[
[[ATTACHMENT|dashboard-Dashboard-Functi-14a71-oper-accessibility-features-Mobile-Safari\test-failed-1.png]]

[[ATTACHMENT|dashboard-Dashboard-Functi-14a71-oper-accessibility-features-Mobile-Safari\video.webm]]

[[ATTACHMENT|dashboard-Dashboard-Functi-14a71-oper-accessibility-features-Mobile-Safari\error-context.md]]
]]>
</system-out>
</testcase>
<testcase name="Dashboard Functionality › should not have console errors" classname="dashboard.spec.ts" time="1.684">
</testcase>
</testsuite>
<testsuite name="responsive.spec.ts" timestamp="2025-08-16T04:21:59.247Z" hostname="Mobile Safari" tests="20" failures="7" skipped="0" time="77.01" errors="0">
<testcase name="Responsive Design Tests › should display sign-in page correctly on Desktop (1920x1080)" classname="responsive.spec.ts" time="2.608">
</testcase>
<testcase name="Responsive Design Tests › should display dashboard correctly on Desktop (1920x1080)" classname="responsive.spec.ts" time="7.579">
<failure message="responsive.spec.ts:67:9 should display dashboard correctly on Desktop (1920x1080)" type="FAILURE">
<![CDATA[  [Mobile Safari] › responsive.spec.ts:67:9 › Responsive Design Tests › should display dashboard correctly on Desktop (1920x1080) 

    Error: Timed out 5000ms waiting for expect(locator).toBeVisible()

    Locator: getByText('Welcome back, Test!')
    Expected: visible
    Received: <element(s) not found>
    Call log:
      - Expect "toBeVisible" with timeout 5000ms
      - waiting for getByText('Welcome back, Test!')


      89 |       
      90 |       // Core dashboard elements should be visible
    > 91 |       await expect(page.getByText('Welcome back, Test!')).toBeVisible()
         |                                                           ^
      92 |       await expect(page.getByText('Total Balance')).toBeVisible()
      93 |       await expect(page.getByText('Quick Actions')).toBeVisible()
      94 |       
        at D:\Sample Repos\online-banking\__tests__\e2e\responsive.spec.ts:91:59

    attachment #1: screenshot (image/png) ──────────────────────────────────────────────────────────
    ..\..\test-results\responsive-Responsive-Desi-32df3-ectly-on-Desktop-1920x1080--Mobile-Safari\test-failed-1.png
    ────────────────────────────────────────────────────────────────────────────────────────────────

    attachment #2: video (video/webm) ──────────────────────────────────────────────────────────────
    ..\..\test-results\responsive-Responsive-Desi-32df3-ectly-on-Desktop-1920x1080--Mobile-Safari\video.webm
    ────────────────────────────────────────────────────────────────────────────────────────────────

    Error Context: ..\..\test-results\responsive-Responsive-Desi-32df3-ectly-on-Desktop-1920x1080--Mobile-Safari\error-context.md
]]>
</failure>
<system-out>
<![CDATA[
[[ATTACHMENT|responsive-Responsive-Desi-32df3-ectly-on-Desktop-1920x1080--Mobile-Safari\test-failed-1.png]]

[[ATTACHMENT|responsive-Responsive-Desi-32df3-ectly-on-Desktop-1920x1080--Mobile-Safari\video.webm]]

[[ATTACHMENT|responsive-Responsive-Desi-32df3-ectly-on-Desktop-1920x1080--Mobile-Safari\error-context.md]]
]]>
</system-out>
</testcase>
<testcase name="Responsive Design Tests › should display sign-in page correctly on Laptop (1366x768)" classname="responsive.spec.ts" time="1.623">
</testcase>
<testcase name="Responsive Design Tests › should display dashboard correctly on Laptop (1366x768)" classname="responsive.spec.ts" time="6.943">
<failure message="responsive.spec.ts:67:9 should display dashboard correctly on Laptop (1366x768)" type="FAILURE">
<![CDATA[  [Mobile Safari] › responsive.spec.ts:67:9 › Responsive Design Tests › should display dashboard correctly on Laptop (1366x768) 

    Error: Timed out 5000ms waiting for expect(locator).toBeVisible()

    Locator: getByText('Welcome back, Test!')
    Expected: visible
    Received: <element(s) not found>
    Call log:
      - Expect "toBeVisible" with timeout 5000ms
      - waiting for getByText('Welcome back, Test!')


      89 |       
      90 |       // Core dashboard elements should be visible
    > 91 |       await expect(page.getByText('Welcome back, Test!')).toBeVisible()
         |                                                           ^
      92 |       await expect(page.getByText('Total Balance')).toBeVisible()
      93 |       await expect(page.getByText('Quick Actions')).toBeVisible()
      94 |       
        at D:\Sample Repos\online-banking\__tests__\e2e\responsive.spec.ts:91:59

    attachment #1: screenshot (image/png) ──────────────────────────────────────────────────────────
    ..\..\test-results\responsive-Responsive-Desi-4d4d4-rrectly-on-Laptop-1366x768--Mobile-Safari\test-failed-1.png
    ────────────────────────────────────────────────────────────────────────────────────────────────

    attachment #2: video (video/webm) ──────────────────────────────────────────────────────────────
    ..\..\test-results\responsive-Responsive-Desi-4d4d4-rrectly-on-Laptop-1366x768--Mobile-Safari\video.webm
    ────────────────────────────────────────────────────────────────────────────────────────────────

    Error Context: ..\..\test-results\responsive-Responsive-Desi-4d4d4-rrectly-on-Laptop-1366x768--Mobile-Safari\error-context.md
]]>
</failure>
<system-out>
<![CDATA[
[[ATTACHMENT|responsive-Responsive-Desi-4d4d4-rrectly-on-Laptop-1366x768--Mobile-Safari\test-failed-1.png]]

[[ATTACHMENT|responsive-Responsive-Desi-4d4d4-rrectly-on-Laptop-1366x768--Mobile-Safari\video.webm]]

[[ATTACHMENT|responsive-Responsive-Desi-4d4d4-rrectly-on-Laptop-1366x768--Mobile-Safari\error-context.md]]
]]>
</system-out>
</testcase>
<testcase name="Responsive Design Tests › should display sign-in page correctly on Tablet (768x1024)" classname="responsive.spec.ts" time="1.93">
</testcase>
<testcase name="Responsive Design Tests › should display dashboard correctly on Tablet (768x1024)" classname="responsive.spec.ts" time="6.825">
<failure message="responsive.spec.ts:67:9 should display dashboard correctly on Tablet (768x1024)" type="FAILURE">
<![CDATA[  [Mobile Safari] › responsive.spec.ts:67:9 › Responsive Design Tests › should display dashboard correctly on Tablet (768x1024) 

    Error: Timed out 5000ms waiting for expect(locator).toBeVisible()

    Locator: getByText('Welcome back, Test!')
    Expected: visible
    Received: <element(s) not found>
    Call log:
      - Expect "toBeVisible" with timeout 5000ms
      - waiting for getByText('Welcome back, Test!')


      89 |       
      90 |       // Core dashboard elements should be visible
    > 91 |       await expect(page.getByText('Welcome back, Test!')).toBeVisible()
         |                                                           ^
      92 |       await expect(page.getByText('Total Balance')).toBeVisible()
      93 |       await expect(page.getByText('Quick Actions')).toBeVisible()
      94 |       
        at D:\Sample Repos\online-banking\__tests__\e2e\responsive.spec.ts:91:59

    attachment #1: screenshot (image/png) ──────────────────────────────────────────────────────────
    ..\..\test-results\responsive-Responsive-Desi-e3613-rrectly-on-Tablet-768x1024--Mobile-Safari\test-failed-1.png
    ────────────────────────────────────────────────────────────────────────────────────────────────

    attachment #2: video (video/webm) ──────────────────────────────────────────────────────────────
    ..\..\test-results\responsive-Responsive-Desi-e3613-rrectly-on-Tablet-768x1024--Mobile-Safari\video.webm
    ────────────────────────────────────────────────────────────────────────────────────────────────

    Error Context: ..\..\test-results\responsive-Responsive-Desi-e3613-rrectly-on-Tablet-768x1024--Mobile-Safari\error-context.md
]]>
</failure>
<system-out>
<![CDATA[
[[ATTACHMENT|responsive-Responsive-Desi-e3613-rrectly-on-Tablet-768x1024--Mobile-Safari\test-failed-1.png]]

[[ATTACHMENT|responsive-Responsive-Desi-e3613-rrectly-on-Tablet-768x1024--Mobile-Safari\video.webm]]

[[ATTACHMENT|responsive-Responsive-Desi-e3613-rrectly-on-Tablet-768x1024--Mobile-Safari\error-context.md]]
]]>
</system-out>
</testcase>
<testcase name="Responsive Design Tests › should display sign-in page correctly on Mobile Large (414x896)" classname="responsive.spec.ts" time="1.591">
</testcase>
<testcase name="Responsive Design Tests › should display dashboard correctly on Mobile Large (414x896)" classname="responsive.spec.ts" time="6.44">
<failure message="responsive.spec.ts:67:9 should display dashboard correctly on Mobile Large (414x896)" type="FAILURE">
<![CDATA[  [Mobile Safari] › responsive.spec.ts:67:9 › Responsive Design Tests › should display dashboard correctly on Mobile Large (414x896) 

    Error: Timed out 5000ms waiting for expect(locator).toBeVisible()

    Locator: getByText('Welcome back, Test!')
    Expected: visible
    Received: <element(s) not found>
    Call log:
      - Expect "toBeVisible" with timeout 5000ms
      - waiting for getByText('Welcome back, Test!')


      89 |       
      90 |       // Core dashboard elements should be visible
    > 91 |       await expect(page.getByText('Welcome back, Test!')).toBeVisible()
         |                                                           ^
      92 |       await expect(page.getByText('Total Balance')).toBeVisible()
      93 |       await expect(page.getByText('Quick Actions')).toBeVisible()
      94 |       
        at D:\Sample Repos\online-banking\__tests__\e2e\responsive.spec.ts:91:59

    attachment #1: screenshot (image/png) ──────────────────────────────────────────────────────────
    ..\..\test-results\responsive-Responsive-Desi-f3fbd-ly-on-Mobile-Large-414x896--Mobile-Safari\test-failed-1.png
    ────────────────────────────────────────────────────────────────────────────────────────────────

    attachment #2: video (video/webm) ──────────────────────────────────────────────────────────────
    ..\..\test-results\responsive-Responsive-Desi-f3fbd-ly-on-Mobile-Large-414x896--Mobile-Safari\video.webm
    ────────────────────────────────────────────────────────────────────────────────────────────────

    Error Context: ..\..\test-results\responsive-Responsive-Desi-f3fbd-ly-on-Mobile-Large-414x896--Mobile-Safari\error-context.md
]]>
</failure>
<system-out>
<![CDATA[
[[ATTACHMENT|responsive-Responsive-Desi-f3fbd-ly-on-Mobile-Large-414x896--Mobile-Safari\test-failed-1.png]]

[[ATTACHMENT|responsive-Responsive-Desi-f3fbd-ly-on-Mobile-Large-414x896--Mobile-Safari\video.webm]]

[[ATTACHMENT|responsive-Responsive-Desi-f3fbd-ly-on-Mobile-Large-414x896--Mobile-Safari\error-context.md]]
]]>
</system-out>
</testcase>
<testcase name="Responsive Design Tests › should display sign-in page correctly on Mobile (375x667)" classname="responsive.spec.ts" time="1.374">
</testcase>
<testcase name="Responsive Design Tests › should display dashboard correctly on Mobile (375x667)" classname="responsive.spec.ts" time="6.344">
<failure message="responsive.spec.ts:67:9 should display dashboard correctly on Mobile (375x667)" type="FAILURE">
<![CDATA[  [Mobile Safari] › responsive.spec.ts:67:9 › Responsive Design Tests › should display dashboard correctly on Mobile (375x667) 

    Error: Timed out 5000ms waiting for expect(locator).toBeVisible()

    Locator: getByText('Welcome back, Test!')
    Expected: visible
    Received: <element(s) not found>
    Call log:
      - Expect "toBeVisible" with timeout 5000ms
      - waiting for getByText('Welcome back, Test!')


      89 |       
      90 |       // Core dashboard elements should be visible
    > 91 |       await expect(page.getByText('Welcome back, Test!')).toBeVisible()
         |                                                           ^
      92 |       await expect(page.getByText('Total Balance')).toBeVisible()
      93 |       await expect(page.getByText('Quick Actions')).toBeVisible()
      94 |       
        at D:\Sample Repos\online-banking\__tests__\e2e\responsive.spec.ts:91:59

    attachment #1: screenshot (image/png) ──────────────────────────────────────────────────────────
    ..\..\test-results\responsive-Responsive-Desi-c9185-orrectly-on-Mobile-375x667--Mobile-Safari\test-failed-1.png
    ────────────────────────────────────────────────────────────────────────────────────────────────

    attachment #2: video (video/webm) ──────────────────────────────────────────────────────────────
    ..\..\test-results\responsive-Responsive-Desi-c9185-orrectly-on-Mobile-375x667--Mobile-Safari\video.webm
    ────────────────────────────────────────────────────────────────────────────────────────────────

    Error Context: ..\..\test-results\responsive-Responsive-Desi-c9185-orrectly-on-Mobile-375x667--Mobile-Safari\error-context.md
]]>
</failure>
<system-out>
<![CDATA[
[[ATTACHMENT|responsive-Responsive-Desi-c9185-orrectly-on-Mobile-375x667--Mobile-Safari\test-failed-1.png]]

[[ATTACHMENT|responsive-Responsive-Desi-c9185-orrectly-on-Mobile-375x667--Mobile-Safari\video.webm]]

[[ATTACHMENT|responsive-Responsive-Desi-c9185-orrectly-on-Mobile-375x667--Mobile-Safari\error-context.md]]
]]>
</system-out>
</testcase>
<testcase name="Responsive Design Tests › should display sign-in page correctly on Mobile Small (320x568)" classname="responsive.spec.ts" time="1.38">
</testcase>
<testcase name="Responsive Design Tests › should display dashboard correctly on Mobile Small (320x568)" classname="responsive.spec.ts" time="6.919">
<failure message="responsive.spec.ts:67:9 should display dashboard correctly on Mobile Small (320x568)" type="FAILURE">
<![CDATA[  [Mobile Safari] › responsive.spec.ts:67:9 › Responsive Design Tests › should display dashboard correctly on Mobile Small (320x568) 

    Error: Timed out 5000ms waiting for expect(locator).toBeVisible()

    Locator: getByText('Welcome back, Test!')
    Expected: visible
    Received: <element(s) not found>
    Call log:
      - Expect "toBeVisible" with timeout 5000ms
      - waiting for getByText('Welcome back, Test!')


      89 |       
      90 |       // Core dashboard elements should be visible
    > 91 |       await expect(page.getByText('Welcome back, Test!')).toBeVisible()
         |                                                           ^
      92 |       await expect(page.getByText('Total Balance')).toBeVisible()
      93 |       await expect(page.getByText('Quick Actions')).toBeVisible()
      94 |       
        at D:\Sample Repos\online-banking\__tests__\e2e\responsive.spec.ts:91:59

    attachment #1: screenshot (image/png) ──────────────────────────────────────────────────────────
    ..\..\test-results\responsive-Responsive-Desi-025fd-ly-on-Mobile-Small-320x568--Mobile-Safari\test-failed-1.png
    ────────────────────────────────────────────────────────────────────────────────────────────────

    attachment #2: video (video/webm) ──────────────────────────────────────────────────────────────
    ..\..\test-results\responsive-Responsive-Desi-025fd-ly-on-Mobile-Small-320x568--Mobile-Safari\video.webm
    ────────────────────────────────────────────────────────────────────────────────────────────────

    Error Context: ..\..\test-results\responsive-Responsive-Desi-025fd-ly-on-Mobile-Small-320x568--Mobile-Safari\error-context.md
]]>
</failure>
<system-out>
<![CDATA[
[[ATTACHMENT|responsive-Responsive-Desi-025fd-ly-on-Mobile-Small-320x568--Mobile-Safari\test-failed-1.png]]

[[ATTACHMENT|responsive-Responsive-Desi-025fd-ly-on-Mobile-Small-320x568--Mobile-Safari\video.webm]]

[[ATTACHMENT|responsive-Responsive-Desi-025fd-ly-on-Mobile-Small-320x568--Mobile-Safari\error-context.md]]
]]>
</system-out>
</testcase>
<testcase name="Responsive Design Tests › should have touch-friendly buttons on mobile devices" classname="responsive.spec.ts" time="1.73">
</testcase>
<testcase name="Responsive Design Tests › should handle horizontal scrolling properly" classname="responsive.spec.ts" time="1.868">
</testcase>
<testcase name="Responsive Design Tests › should maintain readability at different zoom levels" classname="responsive.spec.ts" time="2.098">
</testcase>
<testcase name="Responsive Design Tests › should work with browser device emulation" classname="responsive.spec.ts" time="8.644">
</testcase>
<testcase name="Responsive Design Tests › should handle orientation changes on mobile" classname="responsive.spec.ts" time="2.118">
</testcase>
<testcase name="Responsive Design Tests › should maintain proper spacing and margins" classname="responsive.spec.ts" time="2.044">
<failure message="responsive.spec.ts:193:7 should maintain proper spacing and margins" type="FAILURE">
<![CDATA[  [Mobile Safari] › responsive.spec.ts:193:7 › Responsive Design Tests › should maintain proper spacing and margins 

    Error: expect(received).toBeGreaterThan(expected)

    Expected: > 10
    Received:   0

      201 |       if (cardBox) {
      202 |         // Card should have margin from screen edges
    > 203 |         expect(cardBox.x).toBeGreaterThan(10)
          |                           ^
      204 |         expect(cardBox.x + cardBox.width).toBeLessThan(365) // 375 - 10px margin
      205 |       }
      206 |     }
        at D:\Sample Repos\online-banking\__tests__\e2e\responsive.spec.ts:203:27

    attachment #1: screenshot (image/png) ──────────────────────────────────────────────────────────
    ..\..\test-results\responsive-Responsive-Desi-f6d5e--proper-spacing-and-margins-Mobile-Safari\test-failed-1.png
    ────────────────────────────────────────────────────────────────────────────────────────────────

    attachment #2: video (video/webm) ──────────────────────────────────────────────────────────────
    ..\..\test-results\responsive-Responsive-Desi-f6d5e--proper-spacing-and-margins-Mobile-Safari\video.webm
    ────────────────────────────────────────────────────────────────────────────────────────────────

    Error Context: ..\..\test-results\responsive-Responsive-Desi-f6d5e--proper-spacing-and-margins-Mobile-Safari\error-context.md
]]>
</failure>
<system-out>
<![CDATA[
[[ATTACHMENT|responsive-Responsive-Desi-f6d5e--proper-spacing-and-margins-Mobile-Safari\test-failed-1.png]]

[[ATTACHMENT|responsive-Responsive-Desi-f6d5e--proper-spacing-and-margins-Mobile-Safari\video.webm]]

[[ATTACHMENT|responsive-Responsive-Desi-f6d5e--proper-spacing-and-margins-Mobile-Safari\error-context.md]]
]]>
</system-out>
</testcase>
<testcase name="Responsive Design Tests › should have proper font sizes across devices" classname="responsive.spec.ts" time="5.329">
</testcase>
<testcase name="Responsive Design Tests › should maintain aspect ratios for images and icons" classname="responsive.spec.ts" time="1.623">
</testcase>
</testsuite>
</testsuites>